2024-12-18 16:23:26,961 - __main__ - INFO - Weather in Raipur: 17.08
2024-12-18 16:23:26,962 - __main__ - INFO - Forcast in Raipur: haze
2024-12-18 20:20:07,143 - __main__ - INFO - Token value: 
2024-12-18 20:20:07,765 - __main__ - INFO - Weather in Raipur: 15.16
2024-12-18 20:20:07,765 - __main__ - INFO - Forcast in Raipur: overcast clouds
2024-12-19 01:25:35,357 - __main__ - INFO - Token value: 
2024-12-19 01:25:35,921 - __main__ - INFO - Weather in Raipur: 12.08
2024-12-19 01:25:35,922 - __main__ - INFO - Forcast in Raipur: mist
2024-12-19 04:22:18,078 - __main__ - INFO - Token value: 
2024-12-19 04:22:18,381 - __main__ - INFO - Weather in Raipur: 20.08
2024-12-19 04:22:18,381 - __main__ - INFO - Forcast in Raipur: haze
2024-12-19 08:24:17,121 - __main__ - INFO - Token value: 
2024-12-19 08:24:17,564 - __main__ - INFO - Weather in Raipur: 27.08
2024-12-19 08:24:17,565 - __main__ - INFO - Forcast in Raipur: haze
2024-12-19 12:36:59,197 - __main__ - INFO - Token value: 
2024-12-19 12:36:59,559 - __main__ - INFO - Weather in Raipur: 25.08
2024-12-19 12:36:59,559 - __main__ - INFO - Forcast in Raipur: haze
2024-12-19 16:20:29,000 - __main__ - INFO - Token value: 
2024-12-19 16:20:29,134 - __main__ - INFO - Weather in Raipur: 21.08
2024-12-19 16:20:29,134 - __main__ - INFO - Forcast in Raipur: haze
2024-12-19 20:19:07,097 - __main__ - INFO - Token value: 
2024-12-19 20:19:07,240 - __main__ - INFO - Weather in Raipur: 20.33
2024-12-19 20:19:07,240 - __main__ - INFO - Forcast in Raipur: overcast clouds
2024-12-20 01:21:25,014 - __main__ - INFO - Token value: 
2024-12-20 01:21:25,583 - __main__ - INFO - Weather in Raipur: 17.08
2024-12-20 01:21:25,583 - __main__ - INFO - Forcast in Raipur: fog
2024-12-20 04:21:24,499 - __main__ - INFO - Token value: 
2024-12-20 04:21:24,968 - __main__ - INFO - Weather in Raipur: 23.08
2024-12-20 04:21:24,969 - __main__ - INFO - Forcast in Raipur: haze
2024-12-20 08:22:52,130 - __main__ - INFO - Token value: 
2024-12-20 08:22:52,845 - __main__ - INFO - Weather in Raipur: 28.08
2024-12-20 08:22:52,845 - __main__ - INFO - Forcast in Raipur: haze
2024-12-20 12:34:33,367 - __main__ - INFO - Token value: 
2024-12-20 12:34:33,658 - __main__ - INFO - Weather in Raipur: 26.08
2024-12-20 12:34:33,658 - __main__ - INFO - Forcast in Raipur: haze
2024-12-20 16:21:15,478 - __main__ - INFO - Token value: 
2024-12-20 16:21:16,156 - __main__ - INFO - Weather in Raipur: 22.08
2024-12-20 16:21:16,156 - __main__ - INFO - Forcast in Raipur: mist
2024-12-20 20:18:40,664 - __main__ - INFO - Token value: 
2024-12-20 20:18:40,839 - __main__ - INFO - Weather in Raipur: 20.32
2024-12-20 20:18:40,839 - __main__ - INFO - Forcast in Raipur: overcast clouds
2024-12-21 01:19:51,001 - __main__ - INFO - Token value: 
2024-12-21 01:19:51,182 - __main__ - INFO - Weather in Raipur: 17.71
2024-12-21 01:19:51,182 - __main__ - INFO - Forcast in Raipur: broken clouds
2024-12-21 04:20:15,891 - __main__ - INFO - Token value: 
2024-12-21 04:20:16,420 - __main__ - INFO - Weather in Raipur: 19.08
2024-12-21 04:20:16,420 - __main__ - INFO - Forcast in Raipur: fog
2024-12-21 08:20:15,284 - __main__ - INFO - Token value: 
2024-12-21 08:20:15,639 - __main__ - INFO - Weather in Raipur: 25.08
2024-12-21 08:20:15,639 - __main__ - INFO - Forcast in Raipur: haze
2024-12-21 12:31:54,092 - __main__ - INFO - Token value: 
2024-12-21 12:31:56,339 - __main__ - INFO - Weather in Raipur: 23.08
2024-12-21 12:31:56,339 - __main__ - INFO - Forcast in Raipur: haze
2024-12-21 16:19:34,142 - __main__ - INFO - Token value: 
2024-12-21 16:19:34,772 - __main__ - INFO - Weather in Raipur: 20.08
2024-12-21 16:19:34,772 - __main__ - INFO - Forcast in Raipur: haze
2024-12-21 20:17:18,480 - __main__ - INFO - Token value: 
2024-12-21 20:17:19,236 - __main__ - INFO - Weather in Raipur: 18.73
2024-12-21 20:17:19,236 - __main__ - INFO - Forcast in Raipur: few clouds
2024-12-22 01:27:16,446 - __main__ - INFO - Token value: 
2024-12-22 01:27:17,353 - __main__ - INFO - Weather in Raipur: 16.12
2024-12-22 01:27:17,353 - __main__ - INFO - Forcast in Raipur: few clouds
2024-12-22 04:20:11,514 - __main__ - INFO - Token value: 
2024-12-22 04:20:11,877 - __main__ - INFO - Weather in Raipur: 21.08
2024-12-22 04:20:11,877 - __main__ - INFO - Forcast in Raipur: haze
2024-12-22 08:20:32,822 - __main__ - INFO - Token value: 
2024-12-22 08:20:33,384 - __main__ - INFO - Weather in Raipur: 28.02
2024-12-22 08:20:33,384 - __main__ - INFO - Forcast in Raipur: overcast clouds
2024-12-22 12:31:44,326 - __main__ - INFO - Token value: 
2024-12-22 12:31:45,104 - __main__ - INFO - Weather in Raipur: 22.08
2024-12-22 12:31:45,104 - __main__ - INFO - Forcast in Raipur: haze
2024-12-22 16:19:20,295 - __main__ - INFO - Token value: 
2024-12-22 16:19:21,164 - __main__ - INFO - Weather in Raipur: 18.08
2024-12-22 16:19:21,164 - __main__ - INFO - Forcast in Raipur: mist
2024-12-22 20:17:23,121 - __main__ - INFO - Token value: 
2024-12-22 20:17:23,792 - __main__ - INFO - Weather in Raipur: 17.91
2024-12-22 20:17:23,793 - __main__ - INFO - Forcast in Raipur: overcast clouds
2024-12-23 01:22:34,606 - __main__ - INFO - Token value: 
2024-12-23 01:22:35,451 - __main__ - INFO - Weather in Raipur: 15.08
2024-12-23 01:22:35,451 - __main__ - INFO - Forcast in Raipur: fog
2024-12-23 04:21:00,126 - __main__ - INFO - Token value: 
2024-12-23 04:21:00,845 - __main__ - INFO - Weather in Raipur: 20.08
2024-12-23 04:21:00,845 - __main__ - INFO - Forcast in Raipur: mist
2024-12-23 08:23:24,652 - __main__ - INFO - Token value: 
2024-12-23 08:23:25,310 - __main__ - INFO - Weather in Raipur: 26.08
2024-12-23 08:23:25,310 - __main__ - INFO - Forcast in Raipur: haze
2024-12-23 12:35:17,222 - __main__ - INFO - Token value: 
2024-12-23 12:35:18,103 - __main__ - INFO - Weather in Raipur: 22.08
2024-12-23 12:35:18,104 - __main__ - INFO - Forcast in Raipur: broken clouds
2024-12-23 16:21:26,200 - __main__ - INFO - Token value: 
2024-12-23 16:21:26,973 - __main__ - INFO - Weather in Raipur: 20.08
2024-12-23 16:21:26,973 - __main__ - INFO - Forcast in Raipur: haze
2024-12-23 20:18:25,805 - __main__ - INFO - Token value: 
2024-12-23 20:18:26,164 - __main__ - INFO - Weather in Raipur: 16.08
2024-12-23 20:18:26,164 - __main__ - INFO - Forcast in Raipur: mist
2024-12-24 01:21:03,067 - __main__ - INFO - Token value: 
2024-12-24 01:21:03,211 - __main__ - INFO - Weather in Raipur: 15.08
2024-12-24 01:21:03,211 - __main__ - INFO - Forcast in Raipur: mist
2024-12-24 04:21:15,563 - __main__ - INFO - Token value: 
2024-12-24 04:21:16,317 - __main__ - INFO - Weather in Raipur: 22.08
2024-12-24 04:21:16,317 - __main__ - INFO - Forcast in Raipur: haze
2024-12-24 08:22:31,154 - __main__ - INFO - Token value: 
2024-12-24 08:22:31,301 - __main__ - INFO - Weather in Raipur: 26.08
2024-12-24 08:22:31,301 - __main__ - INFO - Forcast in Raipur: haze
2024-12-24 12:34:42,060 - __main__ - INFO - Token value: 
2024-12-24 12:34:43,278 - __main__ - INFO - Weather in Raipur: 25.08
2024-12-24 12:34:43,279 - __main__ - INFO - Forcast in Raipur: haze
2024-12-24 16:20:43,944 - __main__ - INFO - Token value: 
2024-12-24 16:20:44,291 - __main__ - INFO - Weather in Raipur: 21.08
2024-12-24 16:20:44,291 - __main__ - INFO - Forcast in Raipur: haze
2024-12-24 20:17:59,888 - __main__ - INFO - Token value: 
2024-12-24 20:18:00,523 - __main__ - INFO - Weather in Raipur: 19.89
2024-12-24 20:18:00,523 - __main__ - INFO - Forcast in Raipur: scattered clouds
2024-12-25 01:20:03,994 - __main__ - INFO - Token value: 
2024-12-25 01:20:04,383 - __main__ - INFO - Weather in Raipur: 18.08
2024-12-25 01:20:04,383 - __main__ - INFO - Forcast in Raipur: mist
2024-12-25 04:21:14,312 - __main__ - INFO - Token value: 
2024-12-25 04:21:14,962 - __main__ - INFO - Weather in Raipur: 21.08
2024-12-25 04:21:14,962 - __main__ - INFO - Forcast in Raipur: haze
2024-12-25 08:22:38,345 - __main__ - INFO - Token value: 
2024-12-25 08:22:38,894 - __main__ - INFO - Weather in Raipur: 24.08
2024-12-25 08:22:38,894 - __main__ - INFO - Forcast in Raipur: haze
2024-12-25 12:33:58,474 - __main__ - INFO - Token value: 
2024-12-25 12:33:59,220 - __main__ - INFO - Weather in Raipur: 24.08
2024-12-25 12:33:59,220 - __main__ - INFO - Forcast in Raipur: haze
2024-12-25 16:20:44,913 - __main__ - INFO - Token value: 
2024-12-25 16:20:45,613 - __main__ - INFO - Weather in Raipur: 20.08
2024-12-25 16:20:45,613 - __main__ - INFO - Forcast in Raipur: haze
2024-12-25 20:18:06,674 - __main__ - INFO - Token value: 
2024-12-25 20:18:07,307 - __main__ - INFO - Weather in Raipur: 20.36
2024-12-25 20:18:07,307 - __main__ - INFO - Forcast in Raipur: overcast clouds
2024-12-26 01:20:21,957 - __main__ - INFO - Token value: 
2024-12-26 01:20:22,488 - __main__ - INFO - Weather in Raipur: 17.08
2024-12-26 01:20:22,489 - __main__ - INFO - Forcast in Raipur: mist
2024-12-26 04:21:27,262 - __main__ - INFO - Token value: 
2024-12-26 04:21:27,738 - __main__ - INFO - Weather in Raipur: 21.08
2024-12-26 04:21:27,738 - __main__ - INFO - Forcast in Raipur: haze
2024-12-26 08:22:19,759 - __main__ - INFO - Token value: 
2024-12-26 08:22:20,220 - __main__ - INFO - Weather in Raipur: 26.08
2024-12-26 08:22:20,220 - __main__ - INFO - Forcast in Raipur: broken clouds
2024-12-26 12:34:46,508 - __main__ - INFO - Token value: 
2024-12-26 12:34:47,464 - __main__ - INFO - Weather in Raipur: 24.08
2024-12-26 12:34:47,464 - __main__ - INFO - Forcast in Raipur: haze
2024-12-26 16:21:15,748 - __main__ - INFO - Token value: 
2024-12-26 16:21:16,400 - __main__ - INFO - Weather in Raipur: 20.08
2024-12-26 16:21:16,401 - __main__ - INFO - Forcast in Raipur: haze
2024-12-26 20:18:20,753 - __main__ - INFO - Token value: 
2024-12-26 20:18:20,958 - __main__ - INFO - Weather in Raipur: 19.64
2024-12-26 20:18:20,958 - __main__ - INFO - Forcast in Raipur: clear sky
2024-12-27 01:20:43,535 - __main__ - INFO - Token value: 
2024-12-27 01:20:43,916 - __main__ - INFO - Weather in Raipur: 17.08
2024-12-27 01:20:43,916 - __main__ - INFO - Forcast in Raipur: fog
2024-12-27 04:21:06,525 - __main__ - INFO - Token value: 
2024-12-27 04:21:07,175 - __main__ - INFO - Weather in Raipur: 23.08
2024-12-27 04:21:07,175 - __main__ - INFO - Forcast in Raipur: haze
2024-12-27 08:22:02,436 - __main__ - INFO - Token value: 
2024-12-27 08:22:02,658 - __main__ - INFO - Weather in Raipur: 28.08
2024-12-27 08:22:02,658 - __main__ - INFO - Forcast in Raipur: scattered clouds
2024-12-27 12:33:56,748 - __main__ - INFO - Token value: 
2024-12-27 12:33:56,938 - __main__ - INFO - Weather in Raipur: 26.08
2024-12-27 12:33:56,939 - __main__ - INFO - Forcast in Raipur: few clouds
2024-12-27 16:20:42,032 - __main__ - INFO - Token value: 
2024-12-27 16:20:43,228 - __main__ - INFO - Weather in Raipur: 22.08
2024-12-27 16:20:43,228 - __main__ - INFO - Forcast in Raipur: haze
2024-12-27 20:18:02,591 - __main__ - INFO - Token value: 
2024-12-27 20:18:02,920 - __main__ - INFO - Weather in Raipur: 19.74
2024-12-27 20:18:02,920 - __main__ - INFO - Forcast in Raipur: clear sky
2024-12-28 01:19:19,534 - __main__ - INFO - Token value: 
2024-12-28 01:19:19,686 - __main__ - INFO - Weather in Raipur: 19.08
2024-12-28 01:19:19,686 - __main__ - INFO - Forcast in Raipur: mist
2024-12-28 04:20:26,217 - __main__ - INFO - Token value: 
2024-12-28 04:20:26,884 - __main__ - INFO - Weather in Raipur: 23.08
2024-12-28 04:20:26,884 - __main__ - INFO - Forcast in Raipur: haze
2024-12-28 08:20:30,449 - __main__ - INFO - Token value: 
2024-12-28 08:20:31,185 - __main__ - INFO - Weather in Raipur: 28.08
2024-12-28 08:20:31,185 - __main__ - INFO - Forcast in Raipur: haze
2024-12-28 12:32:09,489 - __main__ - INFO - Token value: 
2024-12-28 12:32:09,953 - __main__ - INFO - Weather in Raipur: 26.08
2024-12-28 12:32:09,953 - __main__ - INFO - Forcast in Raipur: haze
2024-12-28 16:19:39,359 - __main__ - INFO - Token value: 
2024-12-28 16:19:39,756 - __main__ - INFO - Weather in Raipur: 20.08
2024-12-28 16:19:39,756 - __main__ - INFO - Forcast in Raipur: haze
2024-12-28 20:17:22,594 - __main__ - INFO - Token value: 
2024-12-28 20:17:23,267 - __main__ - INFO - Weather in Raipur: 19.82
2024-12-28 20:17:23,267 - __main__ - INFO - Forcast in Raipur: clear sky
2024-12-29 01:34:39,700 - __main__ - INFO - Token value: 
2024-12-29 01:34:39,879 - __main__ - INFO - Weather in Raipur: 17.08
2024-12-29 01:34:39,879 - __main__ - INFO - Forcast in Raipur: mist
2024-12-29 04:20:30,187 - __main__ - INFO - Token value: 
2024-12-29 04:20:30,864 - __main__ - INFO - Weather in Raipur: 21.08
2024-12-29 04:20:30,864 - __main__ - INFO - Forcast in Raipur: haze
2024-12-29 08:21:03,103 - __main__ - INFO - Token value: 
2024-12-29 08:21:03,478 - __main__ - INFO - Weather in Raipur: 27.08
2024-12-29 08:21:03,478 - __main__ - INFO - Forcast in Raipur: haze
2024-12-29 12:31:50,054 - __main__ - INFO - Token value: 
2024-12-29 12:31:50,948 - __main__ - INFO - Weather in Raipur: 24.08
2024-12-29 12:31:50,948 - __main__ - INFO - Forcast in Raipur: haze
2024-12-29 16:19:25,349 - __main__ - INFO - Token value: 
2024-12-29 16:19:25,836 - __main__ - INFO - Weather in Raipur: 21.08
2024-12-29 16:19:25,837 - __main__ - INFO - Forcast in Raipur: haze
2024-12-29 20:17:32,617 - __main__ - INFO - Token value: 
2024-12-29 20:17:33,391 - __main__ - INFO - Weather in Raipur: 19.59
2024-12-29 20:17:33,391 - __main__ - INFO - Forcast in Raipur: clear sky
2024-12-30 01:23:16,344 - __main__ - INFO - Token value: 
2024-12-30 01:23:17,084 - __main__ - INFO - Weather in Raipur: 17.08
2024-12-30 01:23:17,084 - __main__ - INFO - Forcast in Raipur: mist
2024-12-30 04:21:09,730 - __main__ - INFO - Token value: 
2024-12-30 04:21:10,308 - __main__ - INFO - Weather in Raipur: 21.08
2024-12-30 04:21:10,308 - __main__ - INFO - Forcast in Raipur: haze
2024-12-30 08:23:08,790 - __main__ - INFO - Token value: 
2024-12-30 08:23:09,355 - __main__ - INFO - Weather in Raipur: 27.08
2024-12-30 08:23:09,355 - __main__ - INFO - Forcast in Raipur: haze
2024-12-30 12:34:46,938 - __main__ - INFO - Token value: 
2024-12-30 12:34:47,610 - __main__ - INFO - Weather in Raipur: 23.08
2024-12-30 12:34:47,610 - __main__ - INFO - Forcast in Raipur: haze
2024-12-30 16:21:06,194 - __main__ - INFO - Token value: 
2024-12-30 16:21:06,653 - __main__ - INFO - Weather in Raipur: 20.08
2024-12-30 16:21:06,653 - __main__ - INFO - Forcast in Raipur: haze
2024-12-30 20:18:16,207 - __main__ - INFO - Token value: 
2024-12-30 20:18:17,053 - __main__ - INFO - Weather in Raipur: 17.85
2024-12-30 20:18:17,053 - __main__ - INFO - Forcast in Raipur: clear sky
2024-12-31 01:20:26,491 - __main__ - INFO - Token value: 
2024-12-31 01:20:26,732 - __main__ - INFO - Weather in Raipur: 14.08
2024-12-31 01:20:26,733 - __main__ - INFO - Forcast in Raipur: mist
2024-12-31 04:20:57,079 - __main__ - INFO - Token value: 
2024-12-31 04:20:57,250 - __main__ - INFO - Weather in Raipur: 21.08
2024-12-31 04:20:57,250 - __main__ - INFO - Forcast in Raipur: haze
2024-12-31 08:22:10,002 - __main__ - INFO - Token value: 
2024-12-31 08:22:10,452 - __main__ - INFO - Weather in Raipur: 26.08
2024-12-31 08:22:10,452 - __main__ - INFO - Forcast in Raipur: clear sky
2024-12-31 12:34:10,061 - __main__ - INFO - Token value: 
2024-12-31 12:34:10,969 - __main__ - INFO - Weather in Raipur: 24.08
2024-12-31 12:34:10,969 - __main__ - INFO - Forcast in Raipur: clear sky
2024-12-31 16:20:38,531 - __main__ - INFO - Token value: 
2024-12-31 16:20:38,822 - __main__ - INFO - Weather in Raipur: 19.08
2024-12-31 16:20:38,822 - __main__ - INFO - Forcast in Raipur: haze
2024-12-31 20:17:54,863 - __main__ - INFO - Token value: 
2024-12-31 20:17:55,155 - __main__ - INFO - Weather in Raipur: 16.02
2024-12-31 20:17:55,156 - __main__ - INFO - Forcast in Raipur: clear sky
2025-01-01 01:27:25,754 - __main__ - INFO - Token value: 
2025-01-01 01:27:26,438 - __main__ - INFO - Weather in Raipur: 14.08
2025-01-01 01:27:26,439 - __main__ - INFO - Forcast in Raipur: mist
2025-01-01 04:21:08,428 - __main__ - INFO - Token value: 
2025-01-01 04:21:08,660 - __main__ - INFO - Weather in Raipur: 18.08
2025-01-01 04:21:08,660 - __main__ - INFO - Forcast in Raipur: haze
2025-01-01 08:22:29,448 - __main__ - INFO - Token value: 
2025-01-01 08:22:29,628 - __main__ - INFO - Weather in Raipur: 25.08
2025-01-01 08:22:29,628 - __main__ - INFO - Forcast in Raipur: broken clouds
2025-01-01 12:33:55,605 - __main__ - INFO - Token value: 
2025-01-01 12:33:56,428 - __main__ - INFO - Weather in Raipur: 23.08
2025-01-01 12:33:56,428 - __main__ - INFO - Forcast in Raipur: haze
2025-01-01 16:20:54,420 - __main__ - INFO - Token value: 
2025-01-01 16:20:55,104 - __main__ - INFO - Weather in Raipur: 18.08
2025-01-01 16:20:55,104 - __main__ - INFO - Forcast in Raipur: haze
2025-01-01 20:18:22,472 - __main__ - INFO - Token value: 
2025-01-01 20:18:22,752 - __main__ - INFO - Weather in Raipur: 14.86
2025-01-01 20:18:22,752 - __main__ - INFO - Forcast in Raipur: clear sky
2025-01-02 01:20:17,797 - __main__ - INFO - Token value: 
2025-01-02 01:20:18,125 - __main__ - INFO - Weather in Raipur: 11.08
2025-01-02 01:20:18,125 - __main__ - INFO - Forcast in Raipur: mist
2025-01-02 04:21:01,635 - __main__ - INFO - Token value: 
2025-01-02 04:21:02,698 - __main__ - INFO - Weather in Raipur: 20.08
2025-01-02 04:21:02,698 - __main__ - INFO - Forcast in Raipur: haze
2025-01-02 08:22:14,748 - __main__ - INFO - Token value: 
2025-01-02 08:22:14,988 - __main__ - INFO - Weather in Raipur: 26.08
2025-01-02 08:22:14,988 - __main__ - INFO - Forcast in Raipur: scattered clouds
2025-01-02 12:34:35,545 - __main__ - INFO - Token value: 
2025-01-02 12:34:35,785 - __main__ - INFO - Weather in Raipur: 24.08
2025-01-02 12:34:35,785 - __main__ - INFO - Forcast in Raipur: haze
2025-01-02 16:21:49,182 - __main__ - INFO - Token value: 
2025-01-02 16:21:49,691 - __main__ - INFO - Weather in Raipur: 18.91
2025-01-02 16:21:49,691 - __main__ - INFO - Forcast in Raipur: scattered clouds
2025-01-02 20:18:32,825 - __main__ - INFO - Token value: 
2025-01-02 20:18:33,096 - __main__ - INFO - Weather in Raipur: 14.88
2025-01-02 20:18:33,096 - __main__ - INFO - Forcast in Raipur: broken clouds
2025-01-03 01:21:11,350 - __main__ - INFO - Token value: 
2025-01-03 01:21:11,651 - __main__ - INFO - Weather in Raipur: 11.08
2025-01-03 01:21:11,652 - __main__ - INFO - Forcast in Raipur: haze
2025-01-03 04:20:53,160 - __main__ - INFO - Token value: 
2025-01-03 04:20:53,356 - __main__ - INFO - Weather in Raipur: 20.08
2025-01-03 04:20:53,356 - __main__ - INFO - Forcast in Raipur: haze
2025-01-03 08:22:23,123 - __main__ - INFO - Token value: 
2025-01-03 08:22:23,930 - __main__ - INFO - Weather in Raipur: 28.08
2025-01-03 08:22:23,930 - __main__ - INFO - Forcast in Raipur: clear sky
2025-01-03 12:34:36,095 - __main__ - INFO - Token value: 
2025-01-03 12:34:36,717 - __main__ - INFO - Weather in Raipur: 24.08
2025-01-03 12:34:36,717 - __main__ - INFO - Forcast in Raipur: haze
2025-01-03 16:21:24,507 - __main__ - INFO - Token value: 
2025-01-03 16:21:24,824 - __main__ - INFO - Weather in Raipur: 18.08
2025-01-03 16:21:24,824 - __main__ - INFO - Forcast in Raipur: haze
2025-01-03 20:18:23,888 - __main__ - INFO - Token value: 
2025-01-03 20:18:24,180 - __main__ - INFO - Weather in Raipur: 14.97
2025-01-03 20:18:24,180 - __main__ - INFO - Forcast in Raipur: few clouds
2025-01-04 01:19:36,257 - __main__ - INFO - Token value: 
2025-01-04 01:19:36,765 - __main__ - INFO - Weather in Raipur: 12.08
2025-01-04 01:19:36,765 - __main__ - INFO - Forcast in Raipur: mist
2025-01-04 04:20:13,315 - __main__ - INFO - Token value: 
2025-01-04 04:20:13,604 - __main__ - INFO - Weather in Raipur: 21.08
2025-01-04 04:20:13,604 - __main__ - INFO - Forcast in Raipur: haze
2025-01-04 08:20:42,398 - __main__ - INFO - Token value: 
2025-01-04 08:20:42,693 - __main__ - INFO - Weather in Raipur: 26.08
2025-01-04 08:20:42,693 - __main__ - INFO - Forcast in Raipur: scattered clouds
2025-01-04 12:32:46,745 - __main__ - INFO - Token value: 
2025-01-04 12:32:46,951 - __main__ - INFO - Weather in Raipur: 24.08
2025-01-04 12:32:46,952 - __main__ - INFO - Forcast in Raipur: haze
2025-01-04 16:19:40,029 - __main__ - INFO - Token value: 
2025-01-04 16:19:40,365 - __main__ - INFO - Weather in Raipur: 20.08
2025-01-04 16:19:40,365 - __main__ - INFO - Forcast in Raipur: haze
2025-01-04 20:17:16,244 - __main__ - INFO - Token value: 
2025-01-04 20:17:16,695 - __main__ - INFO - Weather in Raipur: 15.16
2025-01-04 20:17:16,695 - __main__ - INFO - Forcast in Raipur: scattered clouds
2025-01-05 01:27:20,085 - __main__ - INFO - Token value: 
2025-01-05 01:27:20,331 - __main__ - INFO - Weather in Raipur: 11.08
2025-01-05 01:27:20,331 - __main__ - INFO - Forcast in Raipur: mist
2025-01-05 04:20:06,365 - __main__ - INFO - Token value: 
2025-01-05 04:20:06,765 - __main__ - INFO - Weather in Raipur: 20.08
2025-01-05 04:20:06,766 - __main__ - INFO - Forcast in Raipur: haze
2025-01-05 08:20:12,174 - __main__ - INFO - Token value: 
2025-01-05 08:20:12,796 - __main__ - INFO - Weather in Raipur: 27.08
2025-01-05 08:20:12,796 - __main__ - INFO - Forcast in Raipur: haze
2025-01-05 12:32:39,865 - __main__ - INFO - Token value: 
2025-01-05 12:32:40,614 - __main__ - INFO - Weather in Raipur: 25.08
2025-01-05 12:32:40,615 - __main__ - INFO - Forcast in Raipur: haze
2025-01-05 16:19:31,936 - __main__ - INFO - Token value: 
2025-01-05 16:19:32,594 - __main__ - INFO - Weather in Raipur: 19.08
2025-01-05 16:19:32,595 - __main__ - INFO - Forcast in Raipur: haze
2025-01-05 20:17:34,116 - __main__ - INFO - Token value: 
2025-01-05 20:17:34,927 - __main__ - INFO - Weather in Raipur: 15.19
2025-01-05 20:17:34,927 - __main__ - INFO - Forcast in Raipur: clear sky
2025-01-06 01:24:29,840 - __main__ - INFO - Token value: 
2025-01-06 01:24:30,280 - __main__ - INFO - Weather in Raipur: 12.08
2025-01-06 01:24:30,281 - __main__ - INFO - Forcast in Raipur: mist
2025-01-06 04:21:57,231 - __main__ - INFO - Token value: 
2025-01-06 04:21:57,823 - __main__ - INFO - Weather in Raipur: 20.26
2025-01-06 04:21:57,823 - __main__ - INFO - Forcast in Raipur: clear sky
2025-01-06 08:23:26,252 - __main__ - INFO - Token value: 
2025-01-06 08:23:26,994 - __main__ - INFO - Weather in Raipur: 27.25
2025-01-06 08:23:26,994 - __main__ - INFO - Forcast in Raipur: clear sky
2025-01-06 12:36:03,341 - __main__ - INFO - Token value: 
2025-01-06 12:36:03,868 - __main__ - INFO - Weather in Raipur: 24.08
2025-01-06 12:36:03,868 - __main__ - INFO - Forcast in Raipur: haze
2025-01-06 16:22:15,650 - __main__ - INFO - Token value: 
2025-01-06 16:22:16,349 - __main__ - INFO - Weather in Raipur: 20.08
2025-01-06 16:22:16,349 - __main__ - INFO - Forcast in Raipur: haze
